<?xml version="1.0" encoding="UTF-8"?>
<testng-results ignored="0" total="1" passed="1" failed="0" skipped="0">
  <reporter-output>
  </reporter-output>
  <suite started-at="2025-02-13T08:17:37 IST" name="Testing RahulShetty" finished-at="2025-02-13T08:17:51 IST" duration-ms="14246">
    <groups>
    </groups>
    <test started-at="2025-02-13T08:17:37 IST" name="Regression" finished-at="2025-02-13T08:17:51 IST" duration-ms="14246">
      <class name="SeleniumLearning.BaseClass">
        <test-method is-config="true" signature="startInstance(java.lang.String)[pri:0, instance:SeleniumLearning.BaseClass@6973b51b]" started-at="2025-02-13T08:17:37 IST" name="startInstance" finished-at="2025-02-13T08:17:49 IST" duration-ms="12049" status="PASS">
          <params>
            <param index="0">
              <value>
                <![CDATA[edge]]>
              </value>
            </param>
          </params>
          <reporter-output>
          </reporter-output>
        </test-method> <!-- startInstance -->
        <test-method signature="startTestCase()[pri:0, instance:SeleniumLearning.BaseClass@6973b51b]" started-at="2025-02-13T08:17:49 IST" name="startTestCase" finished-at="2025-02-13T08:17:51 IST" duration-ms="2167" status="PASS">
          <reporter-output>
          </reporter-output>
        </test-method> <!-- startTestCase -->
        <test-method is-config="true" signature="tearDown()[pri:0, instance:SeleniumLearning.BaseClass@6973b51b]" started-at="2025-02-13T08:17:51 IST" name="tearDown" finished-at="2025-02-13T08:17:51 IST" duration-ms="189" status="PASS">
          <reporter-output>
          </reporter-output>
        </test-method> <!-- tearDown -->
      </class> <!-- SeleniumLearning.BaseClass -->
    </test> <!-- Regression -->
  </suite> <!-- Testing RahulShetty -->
</testng-results>
