<?xml version="1.0" encoding="UTF-8"?>
<testng-results ignored="0" total="1" passed="1" failed="0" skipped="0">
  <reporter-output>
  </reporter-output>
  <suite started-at="2025-02-12T22:50:19 IST" name="Testing RahulShetty" finished-at="2025-02-12T22:50:22 IST" duration-ms="3499">
    <groups>
    </groups>
    <test started-at="2025-02-12T22:50:19 IST" name="Regression" finished-at="2025-02-12T22:50:22 IST" duration-ms="3499">
      <class name="SeleniumLearning.BaseClass">
        <test-method is-config="true" signature="startInstance()[pri:0, instance:SeleniumLearning.BaseClass@5f058f00]" started-at="2025-02-12T22:50:19 IST" name="startInstance" finished-at="2025-02-12T22:50:20 IST" duration-ms="1346" status="PASS">
          <reporter-output>
          </reporter-output>
        </test-method> <!-- startInstance -->
        <test-method signature="startTestCase()[pri:0, instance:SeleniumLearning.BaseClass@5f058f00]" started-at="2025-02-12T22:50:20 IST" name="startTestCase" finished-at="2025-02-12T22:50:22 IST" duration-ms="2124" status="PASS">
          <reporter-output>
          </reporter-output>
        </test-method> <!-- startTestCase -->
        <test-method is-config="true" signature="tearDown()[pri:0, instance:SeleniumLearning.BaseClass@5f058f00]" started-at="2025-02-12T22:50:22 IST" name="tearDown" finished-at="2025-02-12T22:50:22 IST" duration-ms="93" status="PASS">
          <reporter-output>
          </reporter-output>
        </test-method> <!-- tearDown -->
      </class> <!-- SeleniumLearning.BaseClass -->
    </test> <!-- Regression -->
  </suite> <!-- Testing RahulShetty -->
</testng-results>
