<?xml version="1.0" encoding="UTF-8"?>
<testng-results ignored="0" total="1" passed="1" failed="0" skipped="0">
  <reporter-output>
  </reporter-output>
  <suite started-at="2025-02-12T20:54:41 IST" name="Testing RahulShetty" finished-at="2025-02-12T20:54:46 IST" duration-ms="4156">
    <groups>
    </groups>
    <test started-at="2025-02-12T20:54:41 IST" name="Regression" finished-at="2025-02-12T20:54:46 IST" duration-ms="4156">
      <class name="SeleniumLearning.BaseClass">
        <test-method is-config="true" signature="startInstance()[pri:0, instance:SeleniumLearning.BaseClass@6404f418]" started-at="2025-02-12T20:54:41 IST" name="startInstance" finished-at="2025-02-12T20:54:43 IST" duration-ms="1287" status="PASS">
          <reporter-output>
          </reporter-output>
        </test-method> <!-- startInstance -->
        <test-method signature="startTestCase()[pri:0, instance:SeleniumLearning.BaseClass@6404f418]" started-at="2025-02-12T20:54:43 IST" name="startTestCase" finished-at="2025-02-12T20:54:46 IST" duration-ms="2846" status="PASS">
          <reporter-output>
          </reporter-output>
        </test-method> <!-- startTestCase -->
        <test-method is-config="true" signature="tearDown()[pri:0, instance:SeleniumLearning.BaseClass@6404f418]" started-at="2025-02-12T20:54:46 IST" name="tearDown" finished-at="2025-02-12T20:54:46 IST" duration-ms="98" status="PASS">
          <reporter-output>
          </reporter-output>
        </test-method> <!-- tearDown -->
      </class> <!-- SeleniumLearning.BaseClass -->
    </test> <!-- Regression -->
  </suite> <!-- Testing RahulShetty -->
</testng-results>
